#
# There is insufficient memory for the Java Runtime Environment to continue.
# Native memory allocation (malloc) failed to allocate 32744 bytes for ChunkPool::allocate
# Possible reasons:
#   The system is out of physical RAM or swap space
#   The process is running with CompressedOops enabled, and the Java Heap may be blocking the growth of the native heap
# Possible solutions:
#   Reduce memory load on the system
#   Increase physical memory or swap space
#   Check if swap backing store is full
#   Decrease Java heap size (-Xmx/-Xms)
#   Decrease number of Java threads
#   Decrease Java thread stack sizes (-Xss)
#   Set larger code cache with -XX:ReservedCodeCacheSize=
#   JVM is running with Zero Based Compressed Oops mode in which the Java heap is
#     placed in the first 32GB address space. The Java Heap base address is the
#     maximum limit for the native heap growth. Please use -XX:HeapBaseMinAddress
#     to set the Java Heap base and to place the Java Heap above 32GB virtual address.
# This output file may be truncated or incomplete.
#
#  Out of Memory Error (arena.cpp:78), pid=40480, tid=36832
#
# JRE version: OpenJDK Runtime Environment (17.0+27) (build 17-ea+27-2476)
# Java VM: OpenJDK 64-Bit Server VM (17-ea+27-2476, mixed mode, sharing, tiered, compressed oops, compressed class ptrs, g1 gc, windows-amd64)
# No core dump will be written. Minidumps are not enabled by default on client versions of Windows
#

---------------  S U M M A R Y ------------

Command Line: -XX:+ShowCodeDetailsInExceptionMessages com.indiv.kafka.consumer.App

Host: Intel(R) Core(TM) i7-7700HQ CPU @ 2.80GHz, 8 cores, 15G,  Windows 10 , 64 bit Build 18362 (10.0.18362.2037)
Time: Mon Feb 21 00:44:15 2022 SE Asia Standard Time elapsed time: 318.542019 seconds (0d 0h 5m 18s)

---------------  T H R E A D  ---------------

Current thread (0x00000260ffc0b330):  JavaThread "C2 CompilerThread0" daemon [_thread_in_native, id=36832, stack(0x000000f65e000000,0x000000f65e100000)]


Current CompileTask:
C2: 318542 2549       4       org.apache.kafka.clients.consumer.KafkaConsumer::updateFetchPositions (63 bytes)

Stack: [0x000000f65e000000,0x000000f65e100000]
Native frames: (J=compiled Java code, j=interpreted, Vv=VM code, C=native code)
V  [jvm.dll+0x66e3ba]
V  [jvm.dll+0x7cd734]
V  [jvm.dll+0x7ceede]
V  [jvm.dll+0x7cf543]
V  [jvm.dll+0x2429a5]
V  [jvm.dll+0xaa180]
V  [jvm.dll+0xaa4cc]
V  [jvm.dll+0xaa04b]
V  [jvm.dll+0x64bd2e]
V  [jvm.dll+0x33a5e0]
V  [jvm.dll+0x67c13b]
V  [jvm.dll+0x67b931]
V  [jvm.dll+0x1a46fc]
V  [jvm.dll+0x2a780f]
V  [jvm.dll+0x68689b]
V  [jvm.dll+0x67e8bb]
V  [jvm.dll+0x67dc67]
V  [jvm.dll+0x67bb63]
V  [jvm.dll+0x1a46fc]
V  [jvm.dll+0x2a780f]
V  [jvm.dll+0x68689b]
V  [jvm.dll+0x67e8bb]
V  [jvm.dll+0x67dc67]
V  [jvm.dll+0x67bb63]
V  [jvm.dll+0x1a46fc]
V  [jvm.dll+0x2a780f]
V  [jvm.dll+0x68689b]
V  [jvm.dll+0x67e8bb]
V  [jvm.dll+0x67dc67]
V  [jvm.dll+0x67bb63]
V  [jvm.dll+0x1a46fc]
V  [jvm.dll+0x2a780f]
V  [jvm.dll+0x68689b]
V  [jvm.dll+0x67e8bb]
V  [jvm.dll+0x67dc67]
V  [jvm.dll+0x67bb63]
V  [jvm.dll+0x1a46fc]
V  [jvm.dll+0x2148f8]
V  [jvm.dll+0x1a14ed]
V  [jvm.dll+0x224708]
V  [jvm.dll+0x22286c]
V  [jvm.dll+0x783099]
V  [jvm.dll+0x77d73a]
V  [jvm.dll+0x66d1e5]
C  [ucrtbase.dll+0x210b2]
C  [KERNEL32.DLL+0x17c24]
C  [ntdll.dll+0x6d721]


---------------  P R O C E S S  ---------------

Threads class SMR info:
_java_thread_list=0x00000260865334b0, length=13, elements={
0x00000260e2365ba0, 0x00000260ff035090, 0x00000260ff035e10, 0x00000260ff04e5d0,
0x00000260ffc040b0, 0x00000260ffc04970, 0x00000260ffc05230, 0x00000260ffc0b330,
0x00000260ffc14d00, 0x00000260ffc17610, 0x00000260ffd3b960, 0x00000260ffd68290,
0x00000260860d7690
}

Java Threads: ( => current thread )
  0x00000260e2365ba0 JavaThread "main" [_thread_in_native, id=32976, stack(0x000000f65d300000,0x000000f65d400000)]
  0x00000260ff035090 JavaThread "Reference Handler" daemon [_thread_blocked, id=41744, stack(0x000000f65da00000,0x000000f65db00000)]
  0x00000260ff035e10 JavaThread "Finalizer" daemon [_thread_blocked, id=32880, stack(0x000000f65db00000,0x000000f65dc00000)]
  0x00000260ff04e5d0 JavaThread "Signal Dispatcher" daemon [_thread_blocked, id=48516, stack(0x000000f65dc00000,0x000000f65dd00000)]
  0x00000260ffc040b0 JavaThread "Attach Listener" daemon [_thread_blocked, id=45304, stack(0x000000f65dd00000,0x000000f65de00000)]
  0x00000260ffc04970 JavaThread "Service Thread" daemon [_thread_blocked, id=41080, stack(0x000000f65de00000,0x000000f65df00000)]
  0x00000260ffc05230 JavaThread "Monitor Deflation Thread" daemon [_thread_blocked, id=13364, stack(0x000000f65df00000,0x000000f65e000000)]
=>0x00000260ffc0b330 JavaThread "C2 CompilerThread0" daemon [_thread_in_native, id=36832, stack(0x000000f65e000000,0x000000f65e100000)]
  0x00000260ffc14d00 JavaThread "C1 CompilerThread0" daemon [_thread_blocked, id=9236, stack(0x000000f65e100000,0x000000f65e200000)]
  0x00000260ffc17610 JavaThread "Sweeper thread" daemon [_thread_blocked, id=45256, stack(0x000000f65e200000,0x000000f65e300000)]
  0x00000260ffd3b960 JavaThread "Notification Thread" daemon [_thread_blocked, id=50848, stack(0x000000f65e300000,0x000000f65e400000)]
  0x00000260ffd68290 JavaThread "Common-Cleaner" daemon [_thread_blocked, id=44952, stack(0x000000f65e500000,0x000000f65e600000)]
  0x00000260860d7690 JavaThread "kafka-coordinator-heartbeat-thread | G1" daemon [_thread_blocked, id=22016, stack(0x000000f65ee00000,0x000000f65ef00000)]

Other Threads:
  0x00000260ff030580 VMThread "VM Thread" [stack: 0x000000f65d900000,0x000000f65da00000] [id=26468]
  0x00000260e2414c90 WatcherThread [stack: 0x000000f65e400000,0x000000f65e500000] [id=41960]
  0x00000260e23b37c0 GCTaskThread "GC Thread#0" [stack: 0x000000f65d400000,0x000000f65d500000] [id=39208]
  0x000002608645e6c0 GCTaskThread "GC Thread#1" [stack: 0x000000f65e700000,0x000000f65e800000] [id=26348]
  0x000002608645e970 GCTaskThread "GC Thread#2" [stack: 0x000000f65e800000,0x000000f65e900000] [id=26204]
  0x00000260ffe13fa0 GCTaskThread "GC Thread#3" [stack: 0x000000f65e900000,0x000000f65ea00000] [id=56068]
  0x00000260ffe14250 GCTaskThread "GC Thread#4" [stack: 0x000000f65ea00000,0x000000f65eb00000] [id=35764]
  0x00000260ffe14500 GCTaskThread "GC Thread#5" [stack: 0x000000f65eb00000,0x000000f65ec00000] [id=16852]
  0x000002608646e5b0 GCTaskThread "GC Thread#6" [stack: 0x000000f65ec00000,0x000000f65ed00000] [id=56800]
  0x0000026086470870 GCTaskThread "GC Thread#7" [stack: 0x000000f65ed00000,0x000000f65ee00000] [id=57608]
  0x00000260e23c4410 ConcurrentGCThread "G1 Main Marker" [stack: 0x000000f65d500000,0x000000f65d600000] [id=38308]
  0x00000260e23c54d0 ConcurrentGCThread "G1 Conc#0" [stack: 0x000000f65d600000,0x000000f65d700000] [id=34180]
  0x00000260e242e870 ConcurrentGCThread "G1 Refine#0" [stack: 0x000000f65d700000,0x000000f65d800000] [id=36436]
  0x00000260feeea780 ConcurrentGCThread "G1 Service" [stack: 0x000000f65d800000,0x000000f65d900000] [id=45420]

Threads with active compile tasks:
C2 CompilerThread0   318603 2549       4       org.apache.kafka.clients.consumer.KafkaConsumer::updateFetchPositions (63 bytes)

VM state: not at safepoint (normal execution)

VM Mutex/Monitor currently owned by a thread: None

Heap address: 0x0000000702000000, size: 4064 MB, Compressed Oops mode: Zero based, Oop shift amount: 3

CDS archive(s) mapped at: [0x0000000800000000-0x0000000800bb0000-0x0000000800bb0000), size 12255232, SharedBaseAddress: 0x0000000800000000, ArchiveRelocationMode: 0.
Compressed class space mapped at: 0x0000000800c00000-0x0000000840c00000, reserved size: 1073741824
Narrow klass base: 0x0000000800000000, Narrow klass shift: 0, Narrow klass range: 0x100000000

GC Precious Log:
 CPUs: 8 total, 8 available
 Memory: 16249M
 Large Page Support: Disabled
 NUMA Support: Disabled
 Compressed Oops: Enabled (Zero based)
 Heap Region Size: 2M
 Heap Min Capacity: 8M
 Heap Initial Capacity: 254M
 Heap Max Capacity: 4064M
 Pre-touch: Disabled
 Parallel Workers: 8
 Concurrent Workers: 2
 Concurrent Refinement Workers: 8
 Periodic GC: Disabled

Heap:
 garbage-first heap   total 260096K, used 23047K [0x0000000702000000, 0x0000000800000000)
  region size 2048K, 11 young (22528K), 1 survivors (2048K)
 Metaspace       used 13592K, committed 13824K, reserved 1064960K
  class space    used 1363K, committed 1472K, reserved 1048576K

Heap Regions: E=young(eden), S=young(survivor), O=old, HS=humongous(starts), HC=humongous(continues), CS=collection set, F=free, OA=open archive, CA=closed archive, TAMS=top-at-mark-start (previous, next)
|   0|0x0000000702000000, 0x0000000702200000, 0x0000000702200000|100%| O|  |TAMS 0x0000000702000000, 0x0000000702000000| Untracked 
|   1|0x0000000702200000, 0x0000000702378200, 0x0000000702400000| 73%| O|  |TAMS 0x0000000702200000, 0x0000000702200000| Untracked 
|   2|0x0000000702400000, 0x0000000702400000, 0x0000000702600000|  0%| F|  |TAMS 0x0000000702400000, 0x0000000702400000| Untracked 
|   3|0x0000000702600000, 0x0000000702600000, 0x0000000702800000|  0%| F|  |TAMS 0x0000000702600000, 0x0000000702600000| Untracked 
|   4|0x0000000702800000, 0x0000000702800000, 0x0000000702a00000|  0%| F|  |TAMS 0x0000000702800000, 0x0000000702800000| Untracked 
|   5|0x0000000702a00000, 0x0000000702a00000, 0x0000000702c00000|  0%| F|  |TAMS 0x0000000702a00000, 0x0000000702a00000| Untracked 
|   6|0x0000000702c00000, 0x0000000702c00000, 0x0000000702e00000|  0%| F|  |TAMS 0x0000000702c00000, 0x0000000702c00000| Untracked 
|   7|0x0000000702e00000, 0x0000000702e00000, 0x0000000703000000|  0%| F|  |TAMS 0x0000000702e00000, 0x0000000702e00000| Untracked 
|   8|0x0000000703000000, 0x0000000703000000, 0x0000000703200000|  0%| F|  |TAMS 0x0000000703000000, 0x0000000703000000| Untracked 
|   9|0x0000000703200000, 0x0000000703200000, 0x0000000703400000|  0%| F|  |TAMS 0x0000000703200000, 0x0000000703200000| Untracked 
|  10|0x0000000703400000, 0x0000000703400000, 0x0000000703600000|  0%| F|  |TAMS 0x0000000703400000, 0x0000000703400000| Untracked 
|  11|0x0000000703600000, 0x0000000703600000, 0x0000000703800000|  0%| F|  |TAMS 0x0000000703600000, 0x0000000703600000| Untracked 
|  12|0x0000000703800000, 0x0000000703800000, 0x0000000703a00000|  0%| F|  |TAMS 0x0000000703800000, 0x0000000703800000| Untracked 
|  13|0x0000000703a00000, 0x0000000703a00000, 0x0000000703c00000|  0%| F|  |TAMS 0x0000000703a00000, 0x0000000703a00000| Untracked 
|  14|0x0000000703c00000, 0x0000000703c00000, 0x0000000703e00000|  0%| F|  |TAMS 0x0000000703c00000, 0x0000000703c00000| Untracked 
|  15|0x0000000703e00000, 0x0000000703e00000, 0x0000000704000000|  0%| F|  |TAMS 0x0000000703e00000, 0x0000000703e00000| Untracked 
|  16|0x0000000704000000, 0x0000000704000000, 0x0000000704200000|  0%| F|  |TAMS 0x0000000704000000, 0x0000000704000000| Untracked 
|  17|0x0000000704200000, 0x0000000704200000, 0x0000000704400000|  0%| F|  |TAMS 0x0000000704200000, 0x0000000704200000| Untracked 
|  18|0x0000000704400000, 0x0000000704400000, 0x0000000704600000|  0%| F|  |TAMS 0x0000000704400000, 0x0000000704400000| Untracked 
|  19|0x0000000704600000, 0x0000000704600000, 0x0000000704800000|  0%| F|  |TAMS 0x0000000704600000, 0x0000000704600000| Untracked 
|  20|0x0000000704800000, 0x0000000704800000, 0x0000000704a00000|  0%| F|  |TAMS 0x0000000704800000, 0x0000000704800000| Untracked 
|  21|0x0000000704a00000, 0x0000000704a00000, 0x0000000704c00000|  0%| F|  |TAMS 0x0000000704a00000, 0x0000000704a00000| Untracked 
|  22|0x0000000704c00000, 0x0000000704c00000, 0x0000000704e00000|  0%| F|  |TAMS 0x0000000704c00000, 0x0000000704c00000| Untracked 
|  23|0x0000000704e00000, 0x0000000704e00000, 0x0000000705000000|  0%| F|  |TAMS 0x0000000704e00000, 0x0000000704e00000| Untracked 
|  24|0x0000000705000000, 0x0000000705000000, 0x0000000705200000|  0%| F|  |TAMS 0x0000000705000000, 0x0000000705000000| Untracked 
|  25|0x0000000705200000, 0x0000000705200000, 0x0000000705400000|  0%| F|  |TAMS 0x0000000705200000, 0x0000000705200000| Untracked 
|  26|0x0000000705400000, 0x0000000705400000, 0x0000000705600000|  0%| F|  |TAMS 0x0000000705400000, 0x0000000705400000| Untracked 
|  27|0x0000000705600000, 0x0000000705600000, 0x0000000705800000|  0%| F|  |TAMS 0x0000000705600000, 0x0000000705600000| Untracked 
|  28|0x0000000705800000, 0x0000000705800000, 0x0000000705a00000|  0%| F|  |TAMS 0x0000000705800000, 0x0000000705800000| Untracked 
|  29|0x0000000705a00000, 0x0000000705a00000, 0x0000000705c00000|  0%| F|  |TAMS 0x0000000705a00000, 0x0000000705a00000| Untracked 
|  30|0x0000000705c00000, 0x0000000705c00000, 0x0000000705e00000|  0%| F|  |TAMS 0x0000000705c00000, 0x0000000705c00000| Untracked 
|  31|0x0000000705e00000, 0x0000000705e00000, 0x0000000706000000|  0%| F|  |TAMS 0x0000000705e00000, 0x0000000705e00000| Untracked 
|  32|0x0000000706000000, 0x0000000706000000, 0x0000000706200000|  0%| F|  |TAMS 0x0000000706000000, 0x0000000706000000| Untracked 
|  33|0x0000000706200000, 0x0000000706200000, 0x0000000706400000|  0%| F|  |TAMS 0x0000000706200000, 0x0000000706200000| Untracked 
|  34|0x0000000706400000, 0x0000000706400000, 0x0000000706600000|  0%| F|  |TAMS 0x0000000706400000, 0x0000000706400000| Untracked 
|  35|0x0000000706600000, 0x0000000706600000, 0x0000000706800000|  0%| F|  |TAMS 0x0000000706600000, 0x0000000706600000| Untracked 
|  36|0x0000000706800000, 0x0000000706800000, 0x0000000706a00000|  0%| F|  |TAMS 0x0000000706800000, 0x0000000706800000| Untracked 
|  37|0x0000000706a00000, 0x0000000706a00000, 0x0000000706c00000|  0%| F|  |TAMS 0x0000000706a00000, 0x0000000706a00000| Untracked 
|  38|0x0000000706c00000, 0x0000000706c00000, 0x0000000706e00000|  0%| F|  |TAMS 0x0000000706c00000, 0x0000000706c00000| Untracked 
|  39|0x0000000706e00000, 0x0000000706e00000, 0x0000000707000000|  0%| F|  |TAMS 0x0000000706e00000, 0x0000000706e00000| Untracked 
|  40|0x0000000707000000, 0x0000000707000000, 0x0000000707200000|  0%| F|  |TAMS 0x0000000707000000, 0x0000000707000000| Untracked 
|  41|0x0000000707200000, 0x0000000707200000, 0x0000000707400000|  0%| F|  |TAMS 0x0000000707200000, 0x0000000707200000| Untracked 
|  42|0x0000000707400000, 0x0000000707400000, 0x0000000707600000|  0%| F|  |TAMS 0x0000000707400000, 0x0000000707400000| Untracked 
|  43|0x0000000707600000, 0x0000000707600000, 0x0000000707800000|  0%| F|  |TAMS 0x0000000707600000, 0x0000000707600000| Untracked 
|  44|0x0000000707800000, 0x0000000707800000, 0x0000000707a00000|  0%| F|  |TAMS 0x0000000707800000, 0x0000000707800000| Untracked 
|  45|0x0000000707a00000, 0x0000000707a00000, 0x0000000707c00000|  0%| F|  |TAMS 0x0000000707a00000, 0x0000000707a00000| Untracked 
|  46|0x0000000707c00000, 0x0000000707c00000, 0x0000000707e00000|  0%| F|  |TAMS 0x0000000707c00000, 0x0000000707c00000| Untracked 
|  47|0x0000000707e00000, 0x0000000707e00000, 0x0000000708000000|  0%| F|  |TAMS 0x0000000707e00000, 0x0000000707e00000| Untracked 
|  48|0x0000000708000000, 0x0000000708000000, 0x0000000708200000|  0%| F|  |TAMS 0x0000000708000000, 0x0000000708000000| Untracked 
|  49|0x0000000708200000, 0x0000000708200000, 0x0000000708400000|  0%| F|  |TAMS 0x0000000708200000, 0x0000000708200000| Untracked 
|  50|0x0000000708400000, 0x0000000708400000, 0x0000000708600000|  0%| F|  |TAMS 0x0000000708400000, 0x0000000708400000| Untracked 
|  51|0x0000000708600000, 0x0000000708600000, 0x0000000708800000|  0%| F|  |TAMS 0x0000000708600000, 0x0000000708600000| Untracked 
|  52|0x0000000708800000, 0x0000000708800000, 0x0000000708a00000|  0%| F|  |TAMS 0x0000000708800000, 0x0000000708800000| Untracked 
|  53|0x0000000708a00000, 0x0000000708a00000, 0x0000000708c00000|  0%| F|  |TAMS 0x0000000708a00000, 0x0000000708a00000| Untracked 
|  54|0x0000000708c00000, 0x0000000708c00000, 0x0000000708e00000|  0%| F|  |TAMS 0x0000000708c00000, 0x0000000708c00000| Untracked 
|  55|0x0000000708e00000, 0x0000000708e00000, 0x0000000709000000|  0%| F|  |TAMS 0x0000000708e00000, 0x0000000708e00000| Untracked 
|  56|0x0000000709000000, 0x0000000709000000, 0x0000000709200000|  0%| F|  |TAMS 0x0000000709000000, 0x0000000709000000| Untracked 
|  57|0x0000000709200000, 0x0000000709200000, 0x0000000709400000|  0%| F|  |TAMS 0x0000000709200000, 0x0000000709200000| Untracked 
|  58|0x0000000709400000, 0x0000000709400000, 0x0000000709600000|  0%| F|  |TAMS 0x0000000709400000, 0x0000000709400000| Untracked 
|  59|0x0000000709600000, 0x0000000709600000, 0x0000000709800000|  0%| F|  |TAMS 0x0000000709600000, 0x0000000709600000| Untracked 
|  60|0x0000000709800000, 0x0000000709800000, 0x0000000709a00000|  0%| F|  |TAMS 0x0000000709800000, 0x0000000709800000| Untracked 
|  61|0x0000000709a00000, 0x0000000709a00000, 0x0000000709c00000|  0%| F|  |TAMS 0x0000000709a00000, 0x0000000709a00000| Untracked 
|  62|0x0000000709c00000, 0x0000000709c00000, 0x0000000709e00000|  0%| F|  |TAMS 0x0000000709c00000, 0x0000000709c00000| Untracked 
|  63|0x0000000709e00000, 0x0000000709e00000, 0x000000070a000000|  0%| F|  |TAMS 0x0000000709e00000, 0x0000000709e00000| Untracked 
|  64|0x000000070a000000, 0x000000070a000000, 0x000000070a200000|  0%| F|  |TAMS 0x000000070a000000, 0x000000070a000000| Untracked 
|  65|0x000000070a200000, 0x000000070a200000, 0x000000070a400000|  0%| F|  |TAMS 0x000000070a200000, 0x000000070a200000| Untracked 
|  66|0x000000070a400000, 0x000000070a400000, 0x000000070a600000|  0%| F|  |TAMS 0x000000070a400000, 0x000000070a400000| Untracked 
|  67|0x000000070a600000, 0x000000070a600000, 0x000000070a800000|  0%| F|  |TAMS 0x000000070a600000, 0x000000070a600000| Untracked 
|  68|0x000000070a800000, 0x000000070a800000, 0x000000070aa00000|  0%| F|  |TAMS 0x000000070a800000, 0x000000070a800000| Untracked 
|  69|0x000000070aa00000, 0x000000070aa00000, 0x000000070ac00000|  0%| F|  |TAMS 0x000000070aa00000, 0x000000070aa00000| Untracked 
|  70|0x000000070ac00000, 0x000000070ac00000, 0x000000070ae00000|  0%| F|  |TAMS 0x000000070ac00000, 0x000000070ac00000| Untracked 
|  71|0x000000070ae00000, 0x000000070ae00000, 0x000000070b000000|  0%| F|  |TAMS 0x000000070ae00000, 0x000000070ae00000| Untracked 
|  72|0x000000070b000000, 0x000000070b000000, 0x000000070b200000|  0%| F|  |TAMS 0x000000070b000000, 0x000000070b000000| Untracked 
|  73|0x000000070b200000, 0x000000070b200000, 0x000000070b400000|  0%| F|  |TAMS 0x000000070b200000, 0x000000070b200000| Untracked 
|  74|0x000000070b400000, 0x000000070b400000, 0x000000070b600000|  0%| F|  |TAMS 0x000000070b400000, 0x000000070b400000| Untracked 
|  75|0x000000070b600000, 0x000000070b600000, 0x000000070b800000|  0%| F|  |TAMS 0x000000070b600000, 0x000000070b600000| Untracked 
|  76|0x000000070b800000, 0x000000070b800000, 0x000000070ba00000|  0%| F|  |TAMS 0x000000070b800000, 0x000000070b800000| Untracked 
|  77|0x000000070ba00000, 0x000000070ba00000, 0x000000070bc00000|  0%| F|  |TAMS 0x000000070ba00000, 0x000000070ba00000| Untracked 
|  78|0x000000070bc00000, 0x000000070bc00000, 0x000000070be00000|  0%| F|  |TAMS 0x000000070bc00000, 0x000000070bc00000| Untracked 
|  79|0x000000070be00000, 0x000000070be00000, 0x000000070c000000|  0%| F|  |TAMS 0x000000070be00000, 0x000000070be00000| Untracked 
|  80|0x000000070c000000, 0x000000070c000000, 0x000000070c200000|  0%| F|  |TAMS 0x000000070c000000, 0x000000070c000000| Untracked 
|  81|0x000000070c200000, 0x000000070c200000, 0x000000070c400000|  0%| F|  |TAMS 0x000000070c200000, 0x000000070c200000| Untracked 
|  82|0x000000070c400000, 0x000000070c400000, 0x000000070c600000|  0%| F|  |TAMS 0x000000070c400000, 0x000000070c400000| Untracked 
|  83|0x000000070c600000, 0x000000070c600000, 0x000000070c800000|  0%| F|  |TAMS 0x000000070c600000, 0x000000070c600000| Untracked 
|  84|0x000000070c800000, 0x000000070c800000, 0x000000070ca00000|  0%| F|  |TAMS 0x000000070c800000, 0x000000070c800000| Untracked 
|  85|0x000000070ca00000, 0x000000070ca00000, 0x000000070cc00000|  0%| F|  |TAMS 0x000000070ca00000, 0x000000070ca00000| Untracked 
|  86|0x000000070cc00000, 0x000000070cc00000, 0x000000070ce00000|  0%| F|  |TAMS 0x000000070cc00000, 0x000000070cc00000| Untracked 
|  87|0x000000070ce00000, 0x000000070ce00000, 0x000000070d000000|  0%| F|  |TAMS 0x000000070ce00000, 0x000000070ce00000| Untracked 
|  88|0x000000070d000000, 0x000000070d000000, 0x000000070d200000|  0%| F|  |TAMS 0x000000070d000000, 0x000000070d000000| Untracked 
|  89|0x000000070d200000, 0x000000070d200000, 0x000000070d400000|  0%| F|  |TAMS 0x000000070d200000, 0x000000070d200000| Untracked 
|  90|0x000000070d400000, 0x000000070d400000, 0x000000070d600000|  0%| F|  |TAMS 0x000000070d400000, 0x000000070d400000| Untracked 
|  91|0x000000070d600000, 0x000000070d600000, 0x000000070d800000|  0%| F|  |TAMS 0x000000070d600000, 0x000000070d600000| Untracked 
|  92|0x000000070d800000, 0x000000070d800000, 0x000000070da00000|  0%| F|  |TAMS 0x000000070d800000, 0x000000070d800000| Untracked 
|  93|0x000000070da00000, 0x000000070da00000, 0x000000070dc00000|  0%| F|  |TAMS 0x000000070da00000, 0x000000070da00000| Untracked 
|  94|0x000000070dc00000, 0x000000070dc00000, 0x000000070de00000|  0%| F|  |TAMS 0x000000070dc00000, 0x000000070dc00000| Untracked 
|  95|0x000000070de00000, 0x000000070de00000, 0x000000070e000000|  0%| F|  |TAMS 0x000000070de00000, 0x000000070de00000| Untracked 
|  96|0x000000070e000000, 0x000000070e000000, 0x000000070e200000|  0%| F|  |TAMS 0x000000070e000000, 0x000000070e000000| Untracked 
|  97|0x000000070e200000, 0x000000070e200000, 0x000000070e400000|  0%| F|  |TAMS 0x000000070e200000, 0x000000070e200000| Untracked 
|  98|0x000000070e400000, 0x000000070e400000, 0x000000070e600000|  0%| F|  |TAMS 0x000000070e400000, 0x000000070e400000| Untracked 
|  99|0x000000070e600000, 0x000000070e600000, 0x000000070e800000|  0%| F|  |TAMS 0x000000070e600000, 0x000000070e600000| Untracked 
| 100|0x000000070e800000, 0x000000070e800000, 0x000000070ea00000|  0%| F|  |TAMS 0x000000070e800000, 0x000000070e800000| Untracked 
| 101|0x000000070ea00000, 0x000000070ea00000, 0x000000070ec00000|  0%| F|  |TAMS 0x000000070ea00000, 0x000000070ea00000| Untracked 
| 102|0x000000070ec00000, 0x000000070ec00000, 0x000000070ee00000|  0%| F|  |TAMS 0x000000070ec00000, 0x000000070ec00000| Untracked 
| 103|0x000000070ee00000, 0x000000070ee00000, 0x000000070f000000|  0%| F|  |TAMS 0x000000070ee00000, 0x000000070ee00000| Untracked 
| 104|0x000000070f000000, 0x000000070f000000, 0x000000070f200000|  0%| F|  |TAMS 0x000000070f000000, 0x000000070f000000| Untracked 
| 105|0x000000070f200000, 0x000000070f200000, 0x000000070f400000|  0%| F|  |TAMS 0x000000070f200000, 0x000000070f200000| Untracked 
| 106|0x000000070f400000, 0x000000070f400000, 0x000000070f600000|  0%| F|  |TAMS 0x000000070f400000, 0x000000070f400000| Untracked 
| 107|0x000000070f600000, 0x000000070f600000, 0x000000070f800000|  0%| F|  |TAMS 0x000000070f600000, 0x000000070f600000| Untracked 
| 108|0x000000070f800000, 0x000000070f800000, 0x000000070fa00000|  0%| F|  |TAMS 0x000000070f800000, 0x000000070f800000| Untracked 
| 109|0x000000070fa00000, 0x000000070fa00000, 0x000000070fc00000|  0%| F|  |TAMS 0x000000070fa00000, 0x000000070fa00000| Untracked 
| 110|0x000000070fc00000, 0x000000070fd09d70, 0x000000070fe00000| 51%| S|CS|TAMS 0x000000070fc00000, 0x000000070fc00000| Complete 
| 111|0x000000070fe00000, 0x000000070fe00000, 0x0000000710000000|  0%| F|  |TAMS 0x000000070fe00000, 0x000000070fe00000| Untracked 
| 112|0x0000000710000000, 0x0000000710000000, 0x0000000710200000|  0%| F|  |TAMS 0x0000000710000000, 0x0000000710000000| Untracked 
| 113|0x0000000710200000, 0x0000000710200000, 0x0000000710400000|  0%| F|  |TAMS 0x0000000710200000, 0x0000000710200000| Untracked 
| 114|0x0000000710400000, 0x0000000710400000, 0x0000000710600000|  0%| F|  |TAMS 0x0000000710400000, 0x0000000710400000| Untracked 
| 115|0x0000000710600000, 0x0000000710600000, 0x0000000710800000|  0%| F|  |TAMS 0x0000000710600000, 0x0000000710600000| Untracked 
| 116|0x0000000710800000, 0x0000000710800000, 0x0000000710a00000|  0%| F|  |TAMS 0x0000000710800000, 0x0000000710800000| Untracked 
| 117|0x0000000710a00000, 0x0000000710c00000, 0x0000000710c00000|100%| E|  |TAMS 0x0000000710a00000, 0x0000000710a00000| Complete 
| 118|0x0000000710c00000, 0x0000000710e00000, 0x0000000710e00000|100%| E|CS|TAMS 0x0000000710c00000, 0x0000000710c00000| Complete 
| 119|0x0000000710e00000, 0x0000000711000000, 0x0000000711000000|100%| E|CS|TAMS 0x0000000710e00000, 0x0000000710e00000| Complete 
| 120|0x0000000711000000, 0x0000000711200000, 0x0000000711200000|100%| E|CS|TAMS 0x0000000711000000, 0x0000000711000000| Complete 
| 121|0x0000000711200000, 0x0000000711400000, 0x0000000711400000|100%| E|CS|TAMS 0x0000000711200000, 0x0000000711200000| Complete 
| 122|0x0000000711400000, 0x0000000711600000, 0x0000000711600000|100%| E|CS|TAMS 0x0000000711400000, 0x0000000711400000| Complete 
| 123|0x0000000711600000, 0x0000000711800000, 0x0000000711800000|100%| E|CS|TAMS 0x0000000711600000, 0x0000000711600000| Complete 
| 124|0x0000000711800000, 0x0000000711a00000, 0x0000000711a00000|100%| E|CS|TAMS 0x0000000711800000, 0x0000000711800000| Complete 
| 125|0x0000000711a00000, 0x0000000711c00000, 0x0000000711c00000|100%| E|CS|TAMS 0x0000000711a00000, 0x0000000711a00000| Complete 
| 126|0x0000000711c00000, 0x0000000711e00000, 0x0000000711e00000|100%| E|CS|TAMS 0x0000000711c00000, 0x0000000711c00000| Complete 

Card table byte_map: [0x00000260f9670000,0x00000260f9e60000] _byte_map_base: 0x00000260f5e60000

Marking Bits (Prev, Next): (CMBitMap*) 0x00000260e23b3ce0, (CMBitMap*) 0x00000260e23b3d20
 Prev Bits: [0x00000260fa650000, 0x00000260fe5d0000)
 Next Bits: [0x0000026080000000, 0x0000026083f80000)

Polling page: 0x00000260e1b30000

Metaspace:

Usage:
  Non-class:     11.94 MB used.
      Class:      1.33 MB used.
       Both:     13.27 MB used.

Virtual space:
  Non-class space:       16.00 MB reserved,      12.06 MB ( 75%) committed,  2 nodes.
      Class space:        1.00 GB reserved,       1.44 MB ( <1%) committed,  1 nodes.
             Both:        1.02 GB reserved,      13.50 MB (  1%) committed. 

Chunk freelists:
   Non-Class:  3.70 MB
       Class:  2.50 MB
        Both:  6.20 MB

MaxMetaspaceSize: unlimited
CompressedClassSpaceSize: 1.00 GB
Initial GC threshold: 21.00 MB
Current GC threshold: 21.00 MB
CDS: on
MetaspaceReclaimPolicy: balanced
 - commit_granule_bytes: 65536.
 - commit_granule_words: 8192.
 - virtual_space_node_default_size: 1048576.
 - enlarge_chunks_in_place: 1.
 - new_chunks_are_fully_committed: 0.
 - uncommit_free_chunks: 1.
 - use_allocation_guard: 0.
 - handle_deallocations: 1.


Internal statistics:

num_allocs_failed_limit: 0.
num_arena_births: 130.
num_arena_deaths: 0.
num_vsnodes_births: 3.
num_vsnodes_deaths: 0.
num_space_committed: 216.
num_space_uncommitted: 0.
num_chunks_returned_to_freelist: 0.
num_chunks_taken_from_freelist: 470.
num_chunk_merges: 0.
num_chunk_splits: 348.
num_chunks_enlarged: 296.
num_purges: 0.
num_inconsistent_stats: 0.

CodeHeap 'non-profiled nmethods': size=120000Kb used=1183Kb max_used=1183Kb free=118816Kb
 bounds [0x00000260f1620000, 0x00000260f1890000, 0x00000260f8b50000]
CodeHeap 'profiled nmethods': size=120000Kb used=4777Kb max_used=4777Kb free=115222Kb
 bounds [0x00000260ea0f0000, 0x00000260ea5a0000, 0x00000260f1620000]
CodeHeap 'non-nmethods': size=5760Kb used=1230Kb max_used=1321Kb free=4529Kb
 bounds [0x00000260e9b50000, 0x00000260e9dc0000, 0x00000260ea0f0000]
 total_blobs=3082 nmethods=2548 adapters=446
 compilation: enabled
              stopped_count=0, restarted_count=0
 full_count=0

Compilation events (20 events):
Event: 308.304 Thread 0x00000260ffc14d00 nmethod 2542 0x00000260ea58e890 code [0x00000260ea58ede0, 0x00000260ea591ce8]
Event: 308.304 Thread 0x00000260ffc14d00 2540       3       org.apache.kafka.clients.consumer.internals.ConsumerCoordinator::rejoinNeededOrPending (131 bytes)
Event: 308.306 Thread 0x00000260ffc14d00 nmethod 2540 0x00000260ea592d10 code [0x00000260ea5931c0, 0x00000260ea596338]
Event: 308.306 Thread 0x00000260ffc14d00 2539       2       org.apache.kafka.clients.consumer.internals.Fetcher$$Lambda$262/0x0000000800d6a000::<init> (10 bytes)
Event: 308.306 Thread 0x00000260ffc14d00 nmethod 2539 0x00000260ea596f10 code [0x00000260ea5970a0, 0x00000260ea5971f8]
Event: 308.306 Thread 0x00000260ffc14d00 2541       3       org.apache.kafka.clients.consumer.internals.ConsumerCoordinator$MetadataSnapshot::matches (33 bytes)
Event: 308.306 Thread 0x00000260ffc14d00 nmethod 2541 0x00000260ea597290 code [0x00000260ea597440, 0x00000260ea5976c8]
Event: 309.346 Thread 0x00000260ffc14d00 2543       3       org.apache.kafka.common.network.KafkaChannel::hasBytesBuffered (10 bytes)
Event: 309.346 Thread 0x00000260ffc14d00 nmethod 2543 0x00000260ea597790 code [0x00000260ea597920, 0x00000260ea597ad8]
Event: 312.799 Thread 0x00000260ffc0b330 2544       4       java.nio.HeapByteBuffer::get (14 bytes)
Event: 312.800 Thread 0x00000260ffc14d00 2545       3       sun.nio.cs.StreamEncoder::implWrite (137 bytes)
Event: 312.801 Thread 0x00000260ffc0b330 nmethod 2544 0x00000260f1747490 code [0x00000260f1747600, 0x00000260f17476d8]
Event: 312.801 Thread 0x00000260ffc14d00 nmethod 2545 0x00000260ea597c10 code [0x00000260ea597e80, 0x00000260ea5988c8]
Event: 313.794 Thread 0x00000260ffc14d00 2546   !   3       java.util.AbstractMap::equals (148 bytes)
Event: 313.794 Thread 0x00000260ffc14d00 nmethod 2546 0x00000260ea598c90 code [0x00000260ea598f60, 0x00000260ea59a0f8]
Event: 313.806 Thread 0x00000260ffc0b330 2547       4       org.apache.kafka.common.utils.ByteUtils::readUnsignedVarint (48 bytes)
Event: 313.808 Thread 0x00000260ffc0b330 nmethod 2547 0x00000260f1747810 code [0x00000260f17479a0, 0x00000260f1747ad8]
Event: 316.390 Thread 0x00000260ffc0b330 2548       4       java.util.LinkedHashMap$LinkedKeySet::size (8 bytes)
Event: 316.391 Thread 0x00000260ffc0b330 nmethod 2548 0x00000260f1747c90 code [0x00000260f1747e00, 0x00000260f1747e98]
Event: 318.518 Thread 0x00000260ffc0b330 2549       4       org.apache.kafka.clients.consumer.KafkaConsumer::updateFetchPositions (63 bytes)

GC Heap History (4 events):
Event: 1.349 GC heap before
{Heap before GC invocations=0 (full 0):
 garbage-first heap   total 260096K, used 22528K [0x0000000702000000, 0x0000000800000000)
  region size 2048K, 11 young (22528K), 0 survivors (0K)
 Metaspace       used 9088K, committed 9280K, reserved 1064960K
  class space    used 872K, committed 960K, reserved 1048576K
}
Event: 1.354 GC heap after
{Heap after GC invocations=1 (full 0):
 garbage-first heap   total 260096K, used 3680K [0x0000000702000000, 0x0000000800000000)
  region size 2048K, 2 young (4096K), 2 survivors (4096K)
 Metaspace       used 9088K, committed 9280K, reserved 1064960K
  class space    used 872K, committed 960K, reserved 1048576K
}
Event: 132.383 GC heap before
{Heap before GC invocations=1 (full 0):
 garbage-first heap   total 260096K, used 32352K [0x0000000702000000, 0x0000000800000000)
  region size 2048K, 16 young (32768K), 2 survivors (4096K)
 Metaspace       used 13520K, committed 13760K, reserved 1064960K
  class space    used 1362K, committed 1472K, reserved 1048576K
}
Event: 132.388 GC heap after
{Heap after GC invocations=2 (full 0):
 garbage-first heap   total 260096K, used 4615K [0x0000000702000000, 0x0000000800000000)
  region size 2048K, 1 young (2048K), 1 survivors (2048K)
 Metaspace       used 13520K, committed 13760K, reserved 1064960K
  class space    used 1362K, committed 1472K, reserved 1048576K
}

Deoptimization events (20 events):
Event: 301.909 Thread 0x00000260e2365ba0 Uncommon trap: trap_request=0xffffffc6 fr.pc=0x00000260f1682398 relative=0x0000000000000878
Event: 301.909 Thread 0x00000260e2365ba0 Uncommon trap: reason=bimorphic_or_optimized_type_check action=maybe_recompile pc=0x00000260f1682398 method=java.util.HashMap.putVal(ILjava/lang/Object;Ljava/lang/Object;ZZ)Ljava/lang/Object; @ 91 c2
Event: 301.909 Thread 0x00000260e2365ba0 DEOPT PACKING pc=0x00000260f1682398 sp=0x000000f65d3fef30
Event: 301.909 Thread 0x00000260e2365ba0 DEOPT UNPACKING pc=0x00000260e9ba23a3 sp=0x000000f65d3feee0 mode 2
Event: 301.909 Thread 0x00000260e2365ba0 Uncommon trap: trap_request=0xffffffde fr.pc=0x00000260f16bbcd8 relative=0x00000000000012b8
Event: 301.909 Thread 0x00000260e2365ba0 Uncommon trap: reason=class_check action=maybe_recompile pc=0x00000260f16bbcd8 method=java.util.stream.AbstractPipeline.copyIntoWithCancel(Ljava/util/stream/Sink;Ljava/util/Spliterator;)Z @ 19 c2
Event: 301.909 Thread 0x00000260e2365ba0 DEOPT PACKING pc=0x00000260f16bbcd8 sp=0x000000f65d3fec60
Event: 301.909 Thread 0x00000260e2365ba0 DEOPT UNPACKING pc=0x00000260e9ba23a3 sp=0x000000f65d3fea18 mode 2
Event: 301.909 Thread 0x00000260e2365ba0 Uncommon trap: trap_request=0xffffff45 fr.pc=0x00000260f1713d20 relative=0x0000000000000b80
Event: 301.909 Thread 0x00000260e2365ba0 Uncommon trap: reason=unstable_if action=reinterpret pc=0x00000260f1713d20 method=org.apache.kafka.clients.consumer.internals.ConsumerCoordinator.maybeUpdateSubscriptionMetadata()V @ 16 c2
Event: 301.909 Thread 0x00000260e2365ba0 DEOPT PACKING pc=0x00000260f1713d20 sp=0x000000f65d3ff600
Event: 301.909 Thread 0x00000260e2365ba0 DEOPT UNPACKING pc=0x00000260e9ba23a3 sp=0x000000f65d3ff570 mode 2
Event: 301.909 Thread 0x00000260e2365ba0 Uncommon trap: trap_request=0xffffff45 fr.pc=0x00000260f17123fc relative=0x000000000000053c
Event: 301.909 Thread 0x00000260e2365ba0 Uncommon trap: reason=unstable_if action=reinterpret pc=0x00000260f17123fc method=org.apache.kafka.clients.consumer.internals.ConsumerCoordinator$MetadataSnapshot.matches(Lorg/apache/kafka/clients/consumer/internals/ConsumerCoordinator$MetadataSnapshot;)Z
Event: 301.909 Thread 0x00000260e2365ba0 DEOPT PACKING pc=0x00000260f17123fc sp=0x000000f65d3ff590
Event: 301.909 Thread 0x00000260e2365ba0 DEOPT UNPACKING pc=0x00000260e9ba23a3 sp=0x000000f65d3ff508 mode 2
Event: 301.909 Thread 0x00000260e2365ba0 Uncommon trap: trap_request=0xffffff45 fr.pc=0x00000260f1717888 relative=0x0000000000002588
Event: 301.909 Thread 0x00000260e2365ba0 Uncommon trap: reason=unstable_if action=reinterpret pc=0x00000260f1717888 method=org.apache.kafka.clients.consumer.internals.Fetcher.validatePositionsOnMetadataChange()V @ 17 c2
Event: 301.909 Thread 0x00000260e2365ba0 DEOPT PACKING pc=0x00000260f1717888 sp=0x000000f65d3ff5b0
Event: 301.909 Thread 0x00000260e2365ba0 DEOPT UNPACKING pc=0x00000260e9ba23a3 sp=0x000000f65d3ff528 mode 2

Classes unloaded (0 events):
No events

Classes redefined (0 events):
No events

Internal exceptions (20 events):
Event: 0.497 Thread 0x00000260e2365ba0 Exception <a 'java/lang/IncompatibleClassChangeError'{0x000000071190c8e0}: Found class java.lang.Object, but interface was expected> (0x000000071190c8e0) 
thrown [t:\workspace\open\src\hotspot\share\interpreter\linkResolver.cpp, line 833]
Event: 0.573 Thread 0x00000260e2365ba0 Exception <a 'java/lang/NoSuchMethodError'{0x00000007119d8150}: 'int java.lang.invoke.DirectMethodHandle$Holder.invokeSpecial(java.lang.Object, java.lang.Object, java.lang.Object)'> (0x00000007119d8150) 
thrown [t:\workspace\open\src\hotspot\share\interpreter\linkResolver.cpp, line 766]
Event: 0.621 Thread 0x00000260e2365ba0 Exception <a 'java/lang/NoSuchMethodError'{0x00000007116b8b88}: 'void java.lang.invoke.DirectMethodHandle$Holder.invokeStatic(java.lang.Object, java.lang.Object, java.lang.Object)'> (0x00000007116b8b88) 
thrown [t:\workspace\open\src\hotspot\share\interpreter\linkResolver.cpp, line 766]
Event: 0.657 Thread 0x00000260e2365ba0 Exception <a 'java/lang/NoSuchMethodError'{0x0000000711752b78}: 'void java.lang.invoke.DirectMethodHandle$Holder.invokeStatic(java.lang.Object, java.lang.Object, java.lang.Object, java.lang.Object)'> (0x0000000711752b78) 
thrown [t:\workspace\open\src\hotspot\share\interpreter\linkResolver.cpp, line 766]
Event: 0.735 Thread 0x00000260e2365ba0 Exception <a 'java/lang/NoSuchMethodError'{0x00000007114c5ae8}: 'java.lang.Object java.lang.invoke.DirectMethodHandle$Holder.invokeStaticInit(java.lang.Object, int, int, int, int)'> (0x00000007114c5ae8) 
thrown [t:\workspace\open\src\hotspot\share\interpreter\linkResolver.cpp, line 766]
Event: 0.886 Thread 0x00000260e2365ba0 Exception <a 'java/lang/NoSuchMethodError'{0x000000071129dd20}: 'java.lang.Object java.lang.invoke.DirectMethodHandle$Holder.invokeStaticInit(java.lang.Object, java.lang.Object, int, int, int, int)'> (0x000000071129dd20) 
thrown [t:\workspace\open\src\hotspot\share\interpreter\linkResolver.cpp, line 766]
Event: 1.450 Thread 0x00000260e2365ba0 Exception <a 'java/lang/NoSuchMethodError'{0x00000007118099d8}: 'int java.lang.invoke.DirectMethodHandle$Holder.invokeStaticInit(java.lang.Object, java.lang.Object, java.lang.Object)'> (0x00000007118099d8) 
thrown [t:\workspace\open\src\hotspot\share\interpreter\linkResolver.cpp, line 766]
Event: 1.514 Thread 0x00000260e2365ba0 Exception <a 'java/lang/NoSuchMethodError'{0x0000000711654798}: 'java.lang.Object java.lang.invoke.DirectMethodHandle$Holder.newInvokeSpecial(java.lang.Object, java.lang.Object, long)'> (0x0000000711654798) 
thrown [t:\workspace\open\src\hotspot\share\interpreter\linkResolver.cpp, line 766]
Event: 1.514 Thread 0x00000260e2365ba0 Exception <a 'java/lang/NoSuchMethodError'{0x0000000711658308}: 'java.lang.Object java.lang.invoke.Invokers$Holder.linkToTargetMethod(java.lang.Object, long, java.lang.Object)'> (0x0000000711658308) 
thrown [t:\workspace\open\src\hotspot\share\interpreter\linkResolver.cpp, line 766]
Event: 1.520 Thread 0x00000260e2365ba0 Exception <a 'java/lang/NoSuchMethodError'{0x000000071168efb0}: 'java.lang.Object java.lang.invoke.DirectMethodHandle$Holder.newInvokeSpecial(java.lang.Object, long)'> (0x000000071168efb0) 
thrown [t:\workspace\open\src\hotspot\share\interpreter\linkResolver.cpp, line 766]
Event: 1.635 Thread 0x00000260e2365ba0 Exception <a 'java/lang/NoSuchMethodError'{0x000000071122ce90}: 'void java.lang.invoke.DirectMethodHandle$Holder.invokeStatic(java.lang.Object, int, java.lang.Object)'> (0x000000071122ce90) 
thrown [t:\workspace\open\src\hotspot\share\interpreter\linkResolver.cpp, line 766]
Event: 1.658 Thread 0x00000260e2365ba0 Exception <a 'java/lang/NoSuchMethodError'{0x000000071124c6e0}: 'int java.lang.invoke.DirectMethodHandle$Holder.invokeVirtual(java.lang.Object, java.lang.Object)'> (0x000000071124c6e0) 
thrown [t:\workspace\open\src\hotspot\share\interpreter\linkResolver.cpp, line 766]
Event: 1.663 Thread 0x00000260e2365ba0 Exception <a 'java/lang/NoSuchMethodError'{0x00000007112735d0}: 'java.lang.Object java.lang.invoke.DirectMethodHandle$Holder.invokeInterface(java.lang.Object, java.lang.Object, java.lang.Object)'> (0x00000007112735d0) 
thrown [t:\workspace\open\src\hotspot\share\interpreter\linkResolver.cpp, line 766]
Event: 1.680 Thread 0x00000260e2365ba0 Exception <a 'java/lang/NoSuchMethodError'{0x0000000711296568}: 'void java.lang.invoke.DirectMethodHandle$Holder.invokeSpecial(java.lang.Object, java.lang.Object, java.lang.Object, java.lang.Object, java.lang.Object)'> (0x0000000711296568) 
thrown [t:\workspace\open\src\hotspot\share\interpreter\linkResolver.cpp, line 766]
Event: 1.686 Thread 0x00000260e2365ba0 Exception <a 'java/lang/NoSuchMethodError'{0x00000007112cd0c8}: 'java.lang.Object java.lang.invoke.Invokers$Holder.invokeExact_MT(java.lang.Object, java.lang.Object, java.lang.Object, java.lang.Object, java.lang.Object, java.lang.Object)'> (0x00000007112cd0c8) 
thrown [t:\workspace\open\src\hotspot\share\interpreter\linkResolver.cpp, line 766]
Event: 1.780 Thread 0x00000260e2365ba0 Exception <a 'java/lang/NoSuchMethodError'{0x00000007113a6a70}: 'java.lang.Object java.lang.invoke.DirectMethodHandle$Holder.invokeVirtual(java.lang.Object, java.lang.Object, java.lang.Object)'> (0x00000007113a6a70) 
thrown [t:\workspace\open\src\hotspot\share\interpreter\linkResolver.cpp, line 766]
Event: 1.804 Thread 0x00000260e2365ba0 Exception <a 'java/lang/NoSuchMethodError'{0x00000007113e4590}: 'java.lang.Object java.lang.invoke.DirectMethodHandle$Holder.invokeVirtual(java.lang.Object, java.lang.Object, int)'> (0x00000007113e4590) 
thrown [t:\workspace\open\src\hotspot\share\interpreter\linkResolver.cpp, line 766]
Event: 1.845 Thread 0x00000260e2365ba0 Exception <a 'java/lang/NoSuchMethodError'{0x000000071104e7a8}: 'void java.lang.invoke.DirectMethodHandle$Holder.invokeSpecial(java.lang.Object, java.lang.Object, java.lang.Object, java.lang.Object, java.lang.Object, java.lang.Object)'> (0x000000071104e7a8) 
thrown [t:\workspace\open\src\hotspot\share\interpreter\linkResolver.cpp, line 766]
Event: 2.454 Thread 0x00000260e2365ba0 Exception <a 'java/lang/NoSuchMethodError'{0x00000007110ce200}: 'java.lang.Object java.lang.invoke.DirectMethodHandle$Holder.newInvokeSpecial(java.lang.Object, java.lang.Object, int, java.lang.Object)'> (0x00000007110ce200) 
thrown [t:\workspace\open\src\hotspot\share\interpreter\linkResolver.cpp, line 766]
Event: 2.454 Thread 0x00000260e2365ba0 Exception <a 'java/lang/NoSuchMethodError'{0x00000007110d25e0}: 'java.lang.Object java.lang.invoke.DirectMethodHandle$Holder.invokeSpecial(java.lang.Object, java.lang.Object, java.lang.Object, int, java.lang.Object)'> (0x00000007110d25e0) 
thrown [t:\workspace\open\src\hotspot\share\interpreter\linkResolver.cpp, line 766]

VM Operations (20 events):
Event: 282.459 Executing VM operation: Cleanup
Event: 282.459 Executing VM operation: Cleanup done
Event: 291.463 Executing VM operation: Cleanup
Event: 291.463 Executing VM operation: Cleanup done
Event: 292.463 Executing VM operation: Cleanup
Event: 292.464 Executing VM operation: Cleanup done
Event: 296.467 Executing VM operation: Cleanup
Event: 296.467 Executing VM operation: Cleanup done
Event: 298.468 Executing VM operation: Cleanup
Event: 298.468 Executing VM operation: Cleanup done
Event: 302.470 Executing VM operation: Cleanup
Event: 302.470 Executing VM operation: Cleanup done
Event: 304.470 Executing VM operation: Cleanup
Event: 304.470 Executing VM operation: Cleanup done
Event: 308.472 Executing VM operation: Cleanup
Event: 308.472 Executing VM operation: Cleanup done
Event: 313.475 Executing VM operation: Cleanup
Event: 313.475 Executing VM operation: Cleanup done
Event: 314.475 Executing VM operation: Cleanup
Event: 314.475 Executing VM operation: Cleanup done

Events (20 events):
Event: 1.949 loading class java/util/concurrent/locks/AbstractQueuedSynchronizer$ExclusiveNode
Event: 1.949 loading class java/util/concurrent/locks/AbstractQueuedSynchronizer$Node
Event: 1.949 loading class java/util/concurrent/locks/AbstractQueuedSynchronizer$Node done
Event: 1.949 loading class java/util/concurrent/locks/AbstractQueuedSynchronizer$ExclusiveNode done
Event: 7.533 loading class jdk/internal/misc/ScopedMemoryAccess$Scope
Event: 7.533 loading class jdk/internal/misc/ScopedMemoryAccess$Scope done
Event: 37.836 loading class java/util/zip/CRC32C
Event: 37.836 loading class java/util/zip/Checksum
Event: 37.836 loading class java/util/zip/Checksum done
Event: 37.836 loading class java/util/zip/CRC32C done
Event: 37.837 loading class java/util/zip/Checksum$1
Event: 37.837 loading class java/util/zip/Checksum$1 done
Event: 37.842 loading class java/util/zip/GZIPInputStream
Event: 37.842 loading class java/util/zip/GZIPInputStream done
Event: 37.842 loading class java/util/zip/GZIPOutputStream
Event: 37.842 loading class java/util/zip/DeflaterOutputStream
Event: 37.842 loading class java/util/zip/DeflaterOutputStream done
Event: 37.843 loading class java/util/zip/GZIPOutputStream done
Event: 250.887 loading class jdk/internal/access/foreign/MemorySegmentProxy
Event: 250.894 loading class jdk/internal/access/foreign/MemorySegmentProxy done


Dynamic libraries:
0x00007ff6b7040000 - 0x00007ff6b704e000 	C:\Program Files\Java\jdk-17\bin\java.exe
0x00007ff9e1ce0000 - 0x00007ff9e1ed0000 	C:\WINDOWS\SYSTEM32\ntdll.dll
0x00007ff9e0b50000 - 0x00007ff9e0c03000 	C:\WINDOWS\System32\KERNEL32.DLL
0x00007ff9df140000 - 0x00007ff9df3e5000 	C:\WINDOWS\System32\KERNELBASE.dll
0x00007ff9deff0000 - 0x00007ff9df0ea000 	C:\WINDOWS\System32\ucrtbase.dll
0x00007ff9d3bd0000 - 0x00007ff9d3bea000 	C:\Program Files\Java\jdk-17\bin\VCRUNTIME140.dll
0x00007ff9d3bb0000 - 0x00007ff9d3bc8000 	C:\Program Files\Java\jdk-17\bin\jli.dll
0x00007ff9e08e0000 - 0x00007ff9e0a74000 	C:\WINDOWS\System32\USER32.dll
0x00007ff9decb0000 - 0x00007ff9decd1000 	C:\WINDOWS\System32\win32u.dll
0x00007ff9c8bb0000 - 0x00007ff9c8e34000 	C:\WINDOWS\WinSxS\amd64_microsoft.windows.common-controls_6595b64144ccf1df_6.0.18362.2037_none_9e7c226de460245a\COMCTL32.dll
0x00007ff9e0510000 - 0x00007ff9e0536000 	C:\WINDOWS\System32\GDI32.dll
0x00007ff9dece0000 - 0x00007ff9dee78000 	C:\WINDOWS\System32\gdi32full.dll
0x00007ff9df3f0000 - 0x00007ff9df48e000 	C:\WINDOWS\System32\msvcp_win.dll
0x00007ff9e1190000 - 0x00007ff9e122e000 	C:\WINDOWS\System32\msvcrt.dll
0x00007ff9e0570000 - 0x00007ff9e08a6000 	C:\WINDOWS\System32\combase.dll
0x00007ff9e1360000 - 0x00007ff9e147b000 	C:\WINDOWS\System32\RPCRT4.dll
0x00007ff9dee80000 - 0x00007ff9def04000 	C:\WINDOWS\System32\bcryptPrimitives.dll
0x00007ff9e0540000 - 0x00007ff9e056e000 	C:\WINDOWS\System32\IMM32.DLL
0x00007ff9d8920000 - 0x00007ff9d892c000 	C:\Program Files\Java\jdk-17\bin\vcruntime140_1.dll
0x00007ff98ad60000 - 0x00007ff98aded000 	C:\Program Files\Java\jdk-17\bin\msvcp140.dll
0x00007ff9703d0000 - 0x00007ff970f8c000 	C:\Program Files\Java\jdk-17\bin\server\jvm.dll
0x00007ff9e0a80000 - 0x00007ff9e0b25000 	C:\WINDOWS\System32\ADVAPI32.dll
0x00007ff9dfd80000 - 0x00007ff9dfe18000 	C:\WINDOWS\System32\sechost.dll
0x00007ff9e08b0000 - 0x00007ff9e08b8000 	C:\WINDOWS\System32\PSAPI.DLL
0x00007ff9c7730000 - 0x00007ff9c7739000 	C:\WINDOWS\SYSTEM32\WSOCK32.dll
0x00007ff9d8cb0000 - 0x00007ff9d8cd4000 	C:\WINDOWS\SYSTEM32\WINMM.dll
0x00007ff9e0f20000 - 0x00007ff9e0f8f000 	C:\WINDOWS\System32\WS2_32.dll
0x00007ff9d9a60000 - 0x00007ff9d9a6a000 	C:\WINDOWS\SYSTEM32\VERSION.dll
0x00007ff9d8510000 - 0x00007ff9d853d000 	C:\WINDOWS\SYSTEM32\winmmbase.dll
0x00007ff9df0f0000 - 0x00007ff9df13a000 	C:\WINDOWS\System32\cfgmgr32.dll
0x00007ff9debc0000 - 0x00007ff9debd1000 	C:\WINDOWS\System32\kernel.appcore.dll
0x00007ff9d3ba0000 - 0x00007ff9d3baa000 	C:\Program Files\Java\jdk-17\bin\jimage.dll
0x00007ff9dd440000 - 0x00007ff9dd634000 	C:\WINDOWS\SYSTEM32\DBGHELP.DLL
0x00007ff9bf800000 - 0x00007ff9bf82a000 	C:\WINDOWS\SYSTEM32\dbgcore.DLL
0x00007ff9b9720000 - 0x00007ff9b9745000 	C:\Program Files\Java\jdk-17\bin\java.dll
0x00007ff98ac80000 - 0x00007ff98ad56000 	C:\Program Files\Java\jdk-17\bin\svml.dll
0x00007ff9dfe20000 - 0x00007ff9e0507000 	C:\WINDOWS\System32\SHELL32.dll
0x00007ff9e1070000 - 0x00007ff9e1119000 	C:\WINDOWS\System32\shcore.dll
0x00007ff9df4b0000 - 0x00007ff9dfc2c000 	C:\WINDOWS\System32\windows.storage.dll
0x00007ff9dec30000 - 0x00007ff9dec4e000 	C:\WINDOWS\System32\profapi.dll
0x00007ff9debe0000 - 0x00007ff9dec2a000 	C:\WINDOWS\System32\powrprof.dll
0x00007ff9deb90000 - 0x00007ff9deba0000 	C:\WINDOWS\System32\UMPDC.dll
0x00007ff9e1010000 - 0x00007ff9e1062000 	C:\WINDOWS\System32\shlwapi.dll
0x00007ff9df490000 - 0x00007ff9df4a7000 	C:\WINDOWS\System32\cryptsp.dll
0x00007ff9b95e0000 - 0x00007ff9b95f9000 	C:\Program Files\Java\jdk-17\bin\net.dll
0x00007ff9d94e0000 - 0x00007ff9d95d9000 	C:\WINDOWS\SYSTEM32\WINHTTP.dll
0x00007ff9de380000 - 0x00007ff9de3e7000 	C:\WINDOWS\system32\mswsock.dll
0x00007ff9b7a80000 - 0x00007ff9b7a95000 	C:\Program Files\Java\jdk-17\bin\nio.dll
0x00007ff9b1a90000 - 0x00007ff9b1aa8000 	C:\Program Files\Java\jdk-17\bin\zip.dll
0x00007ff9cc620000 - 0x00007ff9cc630000 	C:\Program Files\Java\jdk-17\bin\verify.dll
0x00007ff9cc5c0000 - 0x00007ff9cc5c9000 	C:\Program Files\Java\jdk-17\bin\management.dll
0x00007ff9cc030000 - 0x00007ff9cc03b000 	C:\Program Files\Java\jdk-17\bin\management_ext.dll
0x00007ff9de0e0000 - 0x00007ff9de1aa000 	C:\WINDOWS\SYSTEM32\DNSAPI.dll
0x00007ff9e0b30000 - 0x00007ff9e0b38000 	C:\WINDOWS\System32\NSI.dll
0x00007ff9de0a0000 - 0x00007ff9de0da000 	C:\WINDOWS\SYSTEM32\IPHLPAPI.DLL
0x00007ff9d7fe0000 - 0x00007ff9d7fea000 	C:\Windows\System32\rasadhlp.dll
0x00007ff9d8200000 - 0x00007ff9d8277000 	C:\WINDOWS\System32\fwpuclnt.dll
0x00007ff9defc0000 - 0x00007ff9defe6000 	C:\WINDOWS\System32\bcrypt.dll
0x00007ff9cbc30000 - 0x00007ff9cbc3e000 	C:\Program Files\Java\jdk-17\bin\sunmscapi.dll
0x00007ff9dfc30000 - 0x00007ff9dfd7a000 	C:\WINDOWS\System32\CRYPT32.dll
0x00007ff9deba0000 - 0x00007ff9debb2000 	C:\WINDOWS\System32\MSASN1.dll
0x00007ff9de6a0000 - 0x00007ff9de6c6000 	C:\WINDOWS\SYSTEM32\ncrypt.dll
0x00007ff9de660000 - 0x00007ff9de69b000 	C:\WINDOWS\SYSTEM32\NTASN1.dll
0x00007ff9cb2f0000 - 0x00007ff9cb2f7000 	C:\WINDOWS\system32\wshunix.dll
0x00007ff9ddf10000 - 0x00007ff9ddf43000 	C:\WINDOWS\system32\rsaenh.dll
0x00007ff9dea80000 - 0x00007ff9deaa5000 	C:\WINDOWS\SYSTEM32\USERENV.dll
0x00007ff9de500000 - 0x00007ff9de50c000 	C:\WINDOWS\SYSTEM32\CRYPTBASE.dll
0x00007ff9d8ce0000 - 0x00007ff9d8cf6000 	C:\WINDOWS\SYSTEM32\dhcpcsvc6.DLL
0x00007ff9d84f0000 - 0x00007ff9d850c000 	C:\WINDOWS\SYSTEM32\dhcpcsvc.DLL

dbghelp: loaded successfully - version: 4.0.5 - missing functions: none
symbol engine: initialized successfully - sym options: 0x614 - pdb path: .;C:\Program Files\Java\jdk-17\bin;C:\WINDOWS\SYSTEM32;C:\WINDOWS\WinSxS\amd64_microsoft.windows.common-controls_6595b64144ccf1df_6.0.18362.2037_none_9e7c226de460245a;C:\Program Files\Java\jdk-17\bin\server

VM Arguments:
jvm_args: -XX:+ShowCodeDetailsInExceptionMessages 
java_command: com.indiv.kafka.consumer.App
java_class_path (initial): D:\Documents\Programming\IndivKafka\kafka-consumer\target\classes;C:\Users\DELL\.m2\repository\org\apache\kafka\kafka-clients\3.1.0\kafka-clients-3.1.0.jar;C:\Users\DELL\.m2\repository\com\github\luben\zstd-jni\1.5.0-4\zstd-jni-1.5.0-4.jar;C:\Users\DELL\.m2\repository\org\lz4\lz4-java\1.8.0\lz4-java-1.8.0.jar;C:\Users\DELL\.m2\repository\org\xerial\snappy\snappy-java\1.1.8.4\snappy-java-1.1.8.4.jar;C:\Users\DELL\.m2\repository\org\slf4j\slf4j-api\1.7.30\slf4j-api-1.7.30.jar
Launcher Type: SUN_STANDARD

[Global flags]
     intx CICompilerCount                          = 4                                         {product} {ergonomic}
     uint ConcGCThreads                            = 2                                         {product} {ergonomic}
     uint G1ConcRefinementThreads                  = 8                                         {product} {ergonomic}
   size_t G1HeapRegionSize                         = 2097152                                   {product} {ergonomic}
    uintx GCDrainStackTargetSize                   = 64                                        {product} {ergonomic}
   size_t InitialHeapSize                          = 266338304                                 {product} {ergonomic}
   size_t MarkStackSize                            = 4194304                                   {product} {ergonomic}
   size_t MaxHeapSize                              = 4261412864                                {product} {ergonomic}
   size_t MaxNewSize                               = 2556428288                                {product} {ergonomic}
   size_t MinHeapDeltaBytes                        = 2097152                                   {product} {ergonomic}
   size_t MinHeapSize                              = 8388608                                   {product} {ergonomic}
    uintx NonNMethodCodeHeapSize                   = 5839372                                {pd product} {ergonomic}
    uintx NonProfiledCodeHeapSize                  = 122909434                              {pd product} {ergonomic}
    uintx ProfiledCodeHeapSize                     = 122909434                              {pd product} {ergonomic}
    uintx ReservedCodeCacheSize                    = 251658240                              {pd product} {ergonomic}
     bool SegmentedCodeCache                       = true                                      {product} {ergonomic}
     bool ShowCodeDetailsInExceptionMessages       = true                                   {manageable} {command line}
   size_t SoftMaxHeapSize                          = 4261412864                             {manageable} {ergonomic}
     bool UseCompressedClassPointers               = true                           {product lp64_product} {ergonomic}
     bool UseCompressedOops                        = true                           {product lp64_product} {ergonomic}
     bool UseG1GC                                  = true                                      {product} {ergonomic}
     bool UseLargePagesIndividualAllocation        = false                                  {pd product} {ergonomic}

Logging:
Log output configuration:
 #0: stdout all=warning uptime,level,tags
 #1: stderr all=off uptime,level,tags

Environment Variables:
JAVA_HOME=C:\Program Files\Java\jdk-17
PATH=C:\Program Files\Java\jdk-17\bin;C:\Program Files (x86)\Common Files\Oracle\Java\javapath;C:\WINDOWS\system32;C:\WINDOWS;C:\WINDOWS\System32\Wbem;C:\WINDOWS\System32\WindowsPowerShell\v1.0\;C:\Program Files (x86)\Skype\Phone\;C:\WINDOWS\System32\OpenSSH\;C:\Program Files (x86)\NVIDIA Corporation\PhysX\Common;C:\Program Files\NVIDIA Corporation\NVIDIA NvDLISR;C:\WINDOWS\system32;C:\WINDOWS;C:\WINDOWS\System32\Wbem;C:\WINDOWS\System32\WindowsPowerShell\v1.0\;C:\WINDOWS\System32\OpenSSH\;C:\MinGW\bin;D:\Program Files\MATLAB\R2019b\runtime\win64;D:\Program Files\MATLAB\R2019b\bin;D:\Program Files\PuTTY\;D:\Users\DELL\Anaconda3\;D:\Users\DELL\Anaconda3\condabin\;D:\Program Files\ffmpeg-20200323-ba698a2-win64-static\bin;C:\Program Files (x86)\Graphviz2.38\bin;C:\Program Files\Intel\WiFi\bin\;C:\Program Files\Common Files\Intel\WirelessCommon\;D:\Program Files\MongoDB\Server\4.2\bin;D:\Program Files\Oracle\VirtualBox;C:\Go\bin;D:\Users\DELL\AppData\Roaming\nvm;C:\Program Files\nodejs;C:\Program Files (x86)\Yarn\bin\;C:\Program Files (x86)\Google\Cloud SDK\google-cloud-sdk\bin;D:\Program Files\espresso;C:\Program Files\php\7.0.33;C:\Program Files (x86)\mysql-shell-8.0.22-windows-x86-64bit\bin;D:\Program Files\Microsoft SQL Server\Client SDK\ODBC\170\Tools\Binn\;D:\Program Files (x86)\Microsoft SQL Server\150\Tools\Binn\;D:\Program Files\Microsoft SQL Server\150\Tools\Binn\;D:\Program Files\Microsoft SQL Server\150\DTS\Binn\;C:\Program Files\Azure Data Studio\bin;D:\Program Files\swipl\bin;D:\Apache24\bin;C:\Program Files (x86)\Intel\Intel(R) Management Engine Components\DAL;C:\Program Files\Intel\Intel(R) Management Engine Components\DAL;C:\Program Files\dotnet\;C:\Program Files\Git\cmd;C:\Program Files\Docker\Docker\resources\bin;C:\ProgramData\DockerDesktop\version-bin;D:\Kafka\kafka_2.13-3.1.0\bin\windows;C:\Program Files\Java\apache-maven-3.8.4\bin;C:\Program Files\nodejs\;C:\Users\DELL\AppData\Local\Microsoft\WindowsApps;C:\Users\DELL\AppData\Local\Programs\Microsoft
USERNAME=DELL
LANG=en_US.UTF-8
OS=Windows_NT
PROCESSOR_IDENTIFIER=Intel64 Family 6 Model 158 Stepping 9, GenuineIntel



---------------  S Y S T E M  ---------------

OS:
 Windows 10 , 64 bit Build 18362 (10.0.18362.2037)
OS uptime: 10 days 18:48 hours
Hyper-V role detected

CPU: total 8 (initial active 8) (4 cores per cpu, 2 threads per core) family 6 model 158 stepping 9 microcode 0xea, cx8, cmov, fxsr, ht, mmx, 3dnowpref, sse, sse2, sse3, ssse3, sse4.1, sse4.2, popcnt, lzcnt, tsc, tscinvbit, avx, avx2, aes, erms, clmul, bmi1, bmi2, adx, fma, vzeroupper, clflush, clflushopt, hv

Memory: 4k page, system-wide physical 16249M (2667M free)
TotalPageFile size 22010M (AvailPageFile size 0M)
current process WorkingSet (physical memory assigned to process): 96M, peak: 123M
current process commit charge ("private bytes"): 363M, peak: 392M

vm_info: OpenJDK 64-Bit Server VM (17-ea+27-2476) for windows-amd64 JRE (17-ea+27-2476), built on Jun 16 2021 17:56:28 by "mach5one" with MS VC++ 16.8 (VS2019)

END.
